FileInfo(name='.git', extension='', is_dir=True, parent='Github5')
FileInfo(name='COMMIT_EDITMSG', extension='', is_dir=False, parent='.git')
FileInfo(name='config', extension='', is_dir=False, parent='.git')
FileInfo(name='description', extension='', is_dir=False, parent='.git')
FileInfo(name='FETCH_HEAD', extension='', is_dir=False, parent='.git')
FileInfo(name='HEAD', extension='', is_dir=False, parent='.git')
FileInfo(name='hooks', extension='', is_dir=True, parent='.git')
FileInfo(name='applypatch-msg', extension='sample', is_dir=False, parent='hooks')
FileInfo(name='commit-msg', extension='sample', is_dir=False, parent='hooks')
FileInfo(name='fsmonitor-watchman', extension='sample', is_dir=False, parent='hooks')
FileInfo(name='post-update', extension='sample', is_dir=False, parent='hooks')
FileInfo(name='pre-applypatch', extension='sample', is_dir=False, parent='hooks')
FileInfo(name='pre-commit', extension='sample', is_dir=False, parent='hooks')
FileInfo(name='pre-merge-commit', extension='sample', is_dir=False, parent='hooks')
FileInfo(name='pre-push', extension='sample', is_dir=False, parent='hooks')
FileInfo(name='pre-rebase', extension='sample', is_dir=False, parent='hooks')
FileInfo(name='pre-receive', extension='sample', is_dir=False, parent='hooks')
FileInfo(name='prepare-commit-msg', extension='sample', is_dir=False, parent='hooks')
FileInfo(name='push-to-checkout', extension='sample', is_dir=False, parent='hooks')
FileInfo(name='update', extension='sample', is_dir=False, parent='hooks')
FileInfo(name='index', extension='', is_dir=False, parent='.git')
FileInfo(name='info', extension='', is_dir=True, parent='.git')
FileInfo(name='exclude', extension='', is_dir=False, parent='info')
FileInfo(name='logs', extension='', is_dir=True, parent='.git')
FileInfo(name='HEAD', extension='', is_dir=False, parent='logs')
FileInfo(name='refs', extension='', is_dir=True, parent='logs')
FileInfo(name='heads', extension='', is_dir=True, parent='refs')
FileInfo(name='codereview', extension='', is_dir=False, parent='heads')
FileInfo(name='master', extension='', is_dir=False, parent='heads')
FileInfo(name='objects', extension='', is_dir=True, parent='.git')
FileInfo(name='09', extension='', is_dir=True, parent='objects')
FileInfo(name='ecabdfa0938f9cfc9cdeeaec353a56b9a9b945', extension='', is_dir=False, parent='09')
FileInfo(name='17', extension='', is_dir=True, parent='objects')
FileInfo(name='fdc431dc92c6a6bef8f9832a550933b1760933', extension='', is_dir=False, parent='17')
FileInfo(name='1d', extension='', is_dir=True, parent='objects')
FileInfo(name='51bc69df99dabebc877c6fb35f2000ca49330e', extension='', is_dir=False, parent='1d')
FileInfo(name='20', extension='', is_dir=True, parent='objects')
FileInfo(name='d44564e8adb482478c98a6215a5980f64aacaf', extension='', is_dir=False, parent='20')
FileInfo(name='2c', extension='', is_dir=True, parent='objects')
FileInfo(name='0f26b9f741000c5f67a512113613229b7d78f0', extension='', is_dir=False, parent='2c')
FileInfo(name='39', extension='', is_dir=True, parent='objects')
FileInfo(name='d8b78386228e9fb5186c3e2e1f9ec756526bb9', extension='', is_dir=False, parent='39')
FileInfo(name='46', extension='', is_dir=True, parent='objects')
FileInfo(name='773efa8083482d5240a30f52abd3acf734923b', extension='', is_dir=False, parent='46')
FileInfo(name='59', extension='', is_dir=True, parent='objects')
FileInfo(name='0bb012870ae87082491eb059b0556770994300', extension='', is_dir=False, parent='59')
FileInfo(name='72', extension='', is_dir=True, parent='objects')
FileInfo(name='7f730a2b24fea386702d4526690000a400bdee', extension='', is_dir=False, parent='72')
FileInfo(name='7b', extension='', is_dir=True, parent='objects')
FileInfo(name='9f7fe9d73dda8a5075dbe4d95f55733a5be461', extension='', is_dir=False, parent='7b')
FileInfo(name='80', extension='', is_dir=True, parent='objects')
FileInfo(name='84448510ddb9b1b38c92348eab2db81441064a', extension='', is_dir=False, parent='80')
FileInfo(name='89', extension='', is_dir=True, parent='objects')
FileInfo(name='beb44561d06d681050c5b3db766082ffd7daf6', extension='', is_dir=False, parent='89')
FileInfo(name='99', extension='', is_dir=True, parent='objects')
FileInfo(name='fc20fcb28e19040e1250ea7988259564f9a383', extension='', is_dir=False, parent='99')
FileInfo(name='a1', extension='', is_dir=True, parent='objects')
FileInfo(name='dc8bbc1c9b9d7c4c5eed158a8f5caf89e2f488', extension='', is_dir=False, parent='a1')
FileInfo(name='d4', extension='', is_dir=True, parent='objects')
FileInfo(name='cf1341f9855b9fc147dae59f108ffe960755a5', extension='', is_dir=False, parent='d4')
FileInfo(name='d9', extension='', is_dir=True, parent='objects')
FileInfo(name='a7fc3e3d63fc3cbddd0e4391ae7c4c140864c0', extension='', is_dir=False, parent='d9')
FileInfo(name='de', extension='', is_dir=True, parent='objects')
FileInfo(name='af70d5d77114dc47859e3b5361116d44bb8a2b', extension='', is_dir=False, parent='de')
FileInfo(name='f2', extension='', is_dir=True, parent='objects')
FileInfo(name='1a6b618e3a92054858f06f9ac9cc4673a4e517', extension='', is_dir=False, parent='f2')
FileInfo(name='fb', extension='', is_dir=True, parent='objects')
FileInfo(name='75f601ca6e09afd98f88ffc62350d88a4f0636', extension='', is_dir=False, parent='fb')
FileInfo(name='info', extension='', is_dir=True, parent='objects')
FileInfo(name='pack', extension='', is_dir=True, parent='objects')
FileInfo(name='refs', extension='', is_dir=True, parent='.git')
FileInfo(name='heads', extension='', is_dir=True, parent='refs')
FileInfo(name='codereview', extension='', is_dir=False, parent='heads')
FileInfo(name='master', extension='', is_dir=False, parent='heads')
FileInfo(name='tags', extension='', is_dir=True, parent='refs')
FileInfo(name='seminar 2', extension='', is_dir=True, parent='Github5')
FileInfo(name='seminar1', extension='', is_dir=True, parent='Github5')
FileInfo(name='.git', extension='', is_dir=True, parent='seminar1')
FileInfo(name='COMMIT_EDITMSG', extension='', is_dir=False, parent='.git')
FileInfo(name='config', extension='', is_dir=False, parent='.git')
FileInfo(name='description', extension='', is_dir=False, parent='.git')
FileInfo(name='FETCH_HEAD', extension='', is_dir=False, parent='.git')
FileInfo(name='HEAD', extension='', is_dir=False, parent='.git')
FileInfo(name='hooks', extension='', is_dir=True, parent='.git')
FileInfo(name='applypatch-msg', extension='sample', is_dir=False, parent='hooks')
FileInfo(name='commit-msg', extension='sample', is_dir=False, parent='hooks')
FileInfo(name='fsmonitor-watchman', extension='sample', is_dir=False, parent='hooks')
FileInfo(name='post-update', extension='sample', is_dir=False, parent='hooks')
FileInfo(name='pre-applypatch', extension='sample', is_dir=False, parent='hooks')
FileInfo(name='pre-commit', extension='sample', is_dir=False, parent='hooks')
FileInfo(name='pre-merge-commit', extension='sample', is_dir=False, parent='hooks')
FileInfo(name='pre-push', extension='sample', is_dir=False, parent='hooks')
FileInfo(name='pre-rebase', extension='sample', is_dir=False, parent='hooks')
FileInfo(name='pre-receive', extension='sample', is_dir=False, parent='hooks')
FileInfo(name='prepare-commit-msg', extension='sample', is_dir=False, parent='hooks')
FileInfo(name='push-to-checkout', extension='sample', is_dir=False, parent='hooks')
FileInfo(name='update', extension='sample', is_dir=False, parent='hooks')
FileInfo(name='index', extension='', is_dir=False, parent='.git')
FileInfo(name='info', extension='', is_dir=True, parent='.git')
FileInfo(name='exclude', extension='', is_dir=False, parent='info')
FileInfo(name='logs', extension='', is_dir=True, parent='.git')
FileInfo(name='HEAD', extension='', is_dir=False, parent='logs')
FileInfo(name='refs', extension='', is_dir=True, parent='logs')
FileInfo(name='heads', extension='', is_dir=True, parent='refs')
FileInfo(name='codereview', extension='', is_dir=False, parent='heads')
FileInfo(name='master', extension='', is_dir=False, parent='heads')
FileInfo(name='remotes', extension='', is_dir=True, parent='refs')
FileInfo(name='origin', extension='', is_dir=True, parent='remotes')
FileInfo(name='codereview', extension='', is_dir=False, parent='origin')
FileInfo(name='master', extension='', is_dir=False, parent='origin')
FileInfo(name='objects', extension='', is_dir=True, parent='.git')
FileInfo(name='17', extension='', is_dir=True, parent='objects')
FileInfo(name='fdc431dc92c6a6bef8f9832a550933b1760933', extension='', is_dir=False, parent='17')
FileInfo(name='2c', extension='', is_dir=True, parent='objects')
FileInfo(name='0f26b9f741000c5f67a512113613229b7d78f0', extension='', is_dir=False, parent='2c')
FileInfo(name='36', extension='', is_dir=True, parent='objects')
FileInfo(name='3b2c0f190d48d84891159d4ef517164717b377', extension='', is_dir=False, parent='36')
FileInfo(name='37', extension='', is_dir=True, parent='objects')
FileInfo(name='415a70572b06ef90f4f1e4c5327e1a0be669fd', extension='', is_dir=False, parent='37')
FileInfo(name='39', extension='', is_dir=True, parent='objects')
FileInfo(name='a714f79322605a16fcd401221672e8169dbe01', extension='', is_dir=False, parent='39')
FileInfo(name='d8b78386228e9fb5186c3e2e1f9ec756526bb9', extension='', is_dir=False, parent='39')
FileInfo(name='46', extension='', is_dir=True, parent='objects')
FileInfo(name='773efa8083482d5240a30f52abd3acf734923b', extension='', is_dir=False, parent='46')
FileInfo(name='59', extension='', is_dir=True, parent='objects')
FileInfo(name='0bb012870ae87082491eb059b0556770994300', extension='', is_dir=False, parent='59')
FileInfo(name='72', extension='', is_dir=True, parent='objects')
FileInfo(name='7f730a2b24fea386702d4526690000a400bdee', extension='', is_dir=False, parent='72')
FileInfo(name='80', extension='', is_dir=True, parent='objects')
FileInfo(name='84448510ddb9b1b38c92348eab2db81441064a', extension='', is_dir=False, parent='80')
FileInfo(name='a1', extension='', is_dir=True, parent='objects')
FileInfo(name='dc8bbc1c9b9d7c4c5eed158a8f5caf89e2f488', extension='', is_dir=False, parent='a1')
FileInfo(name='d4', extension='', is_dir=True, parent='objects')
FileInfo(name='cf1341f9855b9fc147dae59f108ffe960755a5', extension='', is_dir=False, parent='d4')
FileInfo(name='de', extension='', is_dir=True, parent='objects')
FileInfo(name='af70d5d77114dc47859e3b5361116d44bb8a2b', extension='', is_dir=False, parent='de')
FileInfo(name='e2', extension='', is_dir=True, parent='objects')
FileInfo(name='9379d3fa96370c05f9ff0ef73a85c2521a5378', extension='', is_dir=False, parent='e2')
FileInfo(name='f2', extension='', is_dir=True, parent='objects')
FileInfo(name='1a6b618e3a92054858f06f9ac9cc4673a4e517', extension='', is_dir=False, parent='f2')
FileInfo(name='info', extension='', is_dir=True, parent='objects')
FileInfo(name='pack', extension='', is_dir=True, parent='objects')
FileInfo(name='ORIG_HEAD', extension='', is_dir=False, parent='.git')
FileInfo(name='refs', extension='', is_dir=True, parent='.git')
FileInfo(name='heads', extension='', is_dir=True, parent='refs')
FileInfo(name='codereview', extension='', is_dir=False, parent='heads')
FileInfo(name='master', extension='', is_dir=False, parent='heads')
FileInfo(name='remotes', extension='', is_dir=True, parent='refs')
FileInfo(name='origin', extension='', is_dir=True, parent='remotes')
FileInfo(name='codereview', extension='', is_dir=False, parent='origin')
FileInfo(name='master', extension='', is_dir=False, parent='origin')
FileInfo(name='tags', extension='', is_dir=True, parent='refs')
FileInfo(name='hometask1', extension='py', is_dir=False, parent='seminar1')
FileInfo(name='hometask2', extension='py', is_dir=False, parent='seminar1')
FileInfo(name='hometask3', extension='py', is_dir=False, parent='seminar1')
FileInfo(name='README', extension='md', is_dir=False, parent='seminar1')
FileInfo(name='task4', extension='py', is_dir=False, parent='seminar1')
FileInfo(name='task5.1', extension='py', is_dir=False, parent='seminar1')
FileInfo(name='task5.2', extension='py', is_dir=False, parent='seminar1')
FileInfo(name='task6', extension='py', is_dir=False, parent='seminar1')
FileInfo(name='task7', extension='py', is_dir=False, parent='seminar1')
FileInfo(name='task8', extension='py', is_dir=False, parent='seminar1')
FileInfo(name='task9', extension='py', is_dir=False, parent='seminar1')
FileInfo(name='seminar11', extension='', is_dir=True, parent='Github5')
FileInfo(name='archive', extension='py', is_dir=False, parent='seminar11')
FileInfo(name='matrix', extension='py', is_dir=False, parent='seminar11')
FileInfo(name='my_string', extension='py', is_dir=False, parent='seminar11')
FileInfo(name='rectangle', extension='py', is_dir=False, parent='seminar11')
FileInfo(name='seminar12', extension='', is_dir=True, parent='Github5')
FileInfo(name='create_csv_file', extension='py', is_dir=False, parent='seminar12')
FileInfo(name='school_items', extension='csv', is_dir=False, parent='seminar12')
FileInfo(name='student', extension='py', is_dir=False, parent='seminar12')
FileInfo(name='seminar13', extension='', is_dir=True, parent='Github5')
FileInfo(name='circle_area', extension='py', is_dir=False, parent='seminar13')
FileInfo(name='test_circle_area', extension='py', is_dir=False, parent='seminar13')
FileInfo(name='__pycache__', extension='', is_dir=True, parent='seminar13')
FileInfo(name='circle_area.cpython-311', extension='pyc', is_dir=False, parent='__pycache__')
FileInfo(name='HW1.cpython-311', extension='pyc', is_dir=False, parent='__pycache__')
FileInfo(name='test_HW1.cpython-311', extension='pyc', is_dir=False, parent='__pycache__')
FileInfo(name='seminar15', extension='', is_dir=True, parent='Github5')
FileInfo(name='directory_info', extension='log', is_dir=False, parent='seminar15')
FileInfo(name='directory_info', extension='py', is_dir=False, parent='seminar15')
FileInfo(name='seminar3', extension='', is_dir=True, parent='Github5')
FileInfo(name='genetic algorithm', extension='', is_dir=True, parent='seminar3')
FileInfo(name='genetics', extension='py', is_dir=False, parent='genetic algorithm')
FileInfo(name='genetics1.0', extension='py', is_dir=False, parent='genetic algorithm')
FileInfo(name='HW-1', extension='py', is_dir=False, parent='seminar3')
FileInfo(name='HW-2', extension='py', is_dir=False, parent='seminar3')
FileInfo(name='HW-3.1', extension='py', is_dir=False, parent='seminar3')
FileInfo(name='HW-3.2', extension='py', is_dir=False, parent='seminar3')
FileInfo(name='HW-3', extension='py', is_dir=False, parent='seminar3')
FileInfo(name='task 4', extension='py', is_dir=False, parent='seminar3')
FileInfo(name='task 5', extension='py', is_dir=False, parent='seminar3')
FileInfo(name='task 6', extension='py', is_dir=False, parent='seminar3')
FileInfo(name='task 7.1', extension='py', is_dir=False, parent='seminar3')
FileInfo(name='task 7.2', extension='py', is_dir=False, parent='seminar3')
FileInfo(name='task 8', extension='py', is_dir=False, parent='seminar3')
FileInfo(name='seminar4', extension='', is_dir=True, parent='Github5')
FileInfo(name='DeepPythonSeminars-4', extension='', is_dir=True, parent='seminar4')
FileInfo(name='.git', extension='', is_dir=True, parent='DeepPythonSeminars-4')
FileInfo(name='COMMIT_EDITMSG', extension='', is_dir=False, parent='.git')
FileInfo(name='config', extension='', is_dir=False, parent='.git')
FileInfo(name='description', extension='', is_dir=False, parent='.git')
FileInfo(name='FETCH_HEAD', extension='', is_dir=False, parent='.git')
FileInfo(name='HEAD', extension='', is_dir=False, parent='.git')
FileInfo(name='hooks', extension='', is_dir=True, parent='.git')
FileInfo(name='applypatch-msg', extension='sample', is_dir=False, parent='hooks')
FileInfo(name='commit-msg', extension='sample', is_dir=False, parent='hooks')
FileInfo(name='fsmonitor-watchman', extension='sample', is_dir=False, parent='hooks')
FileInfo(name='post-update', extension='sample', is_dir=False, parent='hooks')
FileInfo(name='pre-applypatch', extension='sample', is_dir=False, parent='hooks')
FileInfo(name='pre-commit', extension='sample', is_dir=False, parent='hooks')
FileInfo(name='pre-merge-commit', extension='sample', is_dir=False, parent='hooks')
FileInfo(name='pre-push', extension='sample', is_dir=False, parent='hooks')
FileInfo(name='pre-rebase', extension='sample', is_dir=False, parent='hooks')
FileInfo(name='pre-receive', extension='sample', is_dir=False, parent='hooks')
FileInfo(name='prepare-commit-msg', extension='sample', is_dir=False, parent='hooks')
FileInfo(name='push-to-checkout', extension='sample', is_dir=False, parent='hooks')
FileInfo(name='update', extension='sample', is_dir=False, parent='hooks')
FileInfo(name='index', extension='', is_dir=False, parent='.git')
FileInfo(name='info', extension='', is_dir=True, parent='.git')
FileInfo(name='exclude', extension='', is_dir=False, parent='info')
FileInfo(name='logs', extension='', is_dir=True, parent='.git')
FileInfo(name='HEAD', extension='', is_dir=False, parent='logs')
FileInfo(name='refs', extension='', is_dir=True, parent='logs')
FileInfo(name='heads', extension='', is_dir=True, parent='refs')
FileInfo(name='codereview4', extension='', is_dir=False, parent='heads')
FileInfo(name='main', extension='', is_dir=False, parent='heads')
FileInfo(name='remotes', extension='', is_dir=True, parent='refs')
FileInfo(name='origin', extension='', is_dir=True, parent='remotes')
FileInfo(name='codereview4', extension='', is_dir=False, parent='origin')
FileInfo(name='HEAD', extension='', is_dir=False, parent='origin')
FileInfo(name='objects', extension='', is_dir=True, parent='.git')
FileInfo(name='34', extension='', is_dir=True, parent='objects')
FileInfo(name='62c3ada1a73a18e60d6ad003105301484e9234', extension='', is_dir=False, parent='34')
FileInfo(name='3b', extension='', is_dir=True, parent='objects')
FileInfo(name='d2424aed04b5d68819a456117c4fdfe10e1425', extension='', is_dir=False, parent='3b')
FileInfo(name='3c', extension='', is_dir=True, parent='objects')
FileInfo(name='5e1ec5951287c7ea5d3ac9b664bd0b4aa23e1b', extension='', is_dir=False, parent='3c')
FileInfo(name='43', extension='', is_dir=True, parent='objects')
FileInfo(name='328133db4df3a97b80a91692cee5099f18477f', extension='', is_dir=False, parent='43')
FileInfo(name='4a', extension='', is_dir=True, parent='objects')
FileInfo(name='67b837daf1233637b9379c4b7ee66a7cc6851a', extension='', is_dir=False, parent='4a')
FileInfo(name='5e', extension='', is_dir=True, parent='objects')
FileInfo(name='1bcea580ff52c3c746cb0c6c134f3b3c012aa2', extension='', is_dir=False, parent='5e')
FileInfo(name='8577e21b1ae3dde985eb099ff71cd288c63ba0', extension='', is_dir=False, parent='5e')
FileInfo(name='bbcc2fd58d9c8942f3f061196e52e7120cb340', extension='', is_dir=False, parent='5e')
FileInfo(name='6a', extension='', is_dir=True, parent='objects')
FileInfo(name='3dfae94e213037e9d42362ecd4611b3249a10b', extension='', is_dir=False, parent='6a')
FileInfo(name='98', extension='', is_dir=True, parent='objects')
FileInfo(name='bd86c065fb40a680e656fbd9dbc53ea943eb50', extension='', is_dir=False, parent='98')
FileInfo(name='a7', extension='', is_dir=True, parent='objects')
FileInfo(name='63cbab5ff15826c567628588e96031b482da6b', extension='', is_dir=False, parent='a7')
FileInfo(name='c7', extension='', is_dir=True, parent='objects')
FileInfo(name='9af4d63c64b4dc2b6addd878ff70218c1ac2fd', extension='', is_dir=False, parent='c7')
FileInfo(name='c8', extension='', is_dir=True, parent='objects')
FileInfo(name='c64cd2bc12776f33c3f127a6fa7e2b747cfd31', extension='', is_dir=False, parent='c8')
FileInfo(name='e0', extension='', is_dir=True, parent='objects')
FileInfo(name='b1637c4c862f09f9908a6ef8080344f9d7aca8', extension='', is_dir=False, parent='e0')
FileInfo(name='e1', extension='', is_dir=True, parent='objects')
FileInfo(name='530cd8a69f5194b935e1a411e1d43bf0744460', extension='', is_dir=False, parent='e1')
FileInfo(name='info', extension='', is_dir=True, parent='objects')
FileInfo(name='pack', extension='', is_dir=True, parent='objects')
FileInfo(name='pack-0fa4c5df357da1781e42be686a81d6ce88936a69', extension='idx', is_dir=False, parent='pack')
FileInfo(name='pack-0fa4c5df357da1781e42be686a81d6ce88936a69', extension='pack', is_dir=False, parent='pack')
FileInfo(name='packed-refs', extension='', is_dir=False, parent='.git')
FileInfo(name='refs', extension='', is_dir=True, parent='.git')
FileInfo(name='heads', extension='', is_dir=True, parent='refs')
FileInfo(name='codereview4', extension='', is_dir=False, parent='heads')
FileInfo(name='main', extension='', is_dir=False, parent='heads')
FileInfo(name='remotes', extension='', is_dir=True, parent='refs')
FileInfo(name='origin', extension='', is_dir=True, parent='remotes')
FileInfo(name='codereview4', extension='', is_dir=False, parent='origin')
FileInfo(name='HEAD', extension='', is_dir=False, parent='origin')
FileInfo(name='tags', extension='', is_dir=True, parent='refs')
FileInfo(name='HW-1', extension='py', is_dir=False, parent='DeepPythonSeminars-4')
FileInfo(name='HW-2', extension='py', is_dir=False, parent='DeepPythonSeminars-4')
FileInfo(name='HW-3', extension='py', is_dir=False, parent='DeepPythonSeminars-4')
FileInfo(name='README', extension='md', is_dir=False, parent='DeepPythonSeminars-4')
FileInfo(name='task 1', extension='py', is_dir=False, parent='DeepPythonSeminars-4')
FileInfo(name='task 2', extension='py', is_dir=False, parent='DeepPythonSeminars-4')
FileInfo(name='task 3', extension='py', is_dir=False, parent='DeepPythonSeminars-4')
FileInfo(name='task 4.1', extension='py', is_dir=False, parent='DeepPythonSeminars-4')
FileInfo(name='task 4.2', extension='py', is_dir=False, parent='DeepPythonSeminars-4')
FileInfo(name='task 4', extension='py', is_dir=False, parent='DeepPythonSeminars-4')
FileInfo(name='task 5', extension='py', is_dir=False, parent='DeepPythonSeminars-4')
FileInfo(name='task 6', extension='py', is_dir=False, parent='DeepPythonSeminars-4')
FileInfo(name='task 7', extension='py', is_dir=False, parent='DeepPythonSeminars-4')
FileInfo(name='task 8', extension='py', is_dir=False, parent='DeepPythonSeminars-4')
FileInfo(name='HW-1', extension='py', is_dir=False, parent='seminar4')
FileInfo(name='HW-2', extension='py', is_dir=False, parent='seminar4')
FileInfo(name='HW-3', extension='py', is_dir=False, parent='seminar4')
FileInfo(name='README', extension='md', is_dir=False, parent='seminar4')
FileInfo(name='task 1', extension='py', is_dir=False, parent='seminar4')
FileInfo(name='task 2', extension='py', is_dir=False, parent='seminar4')
FileInfo(name='task 3', extension='py', is_dir=False, parent='seminar4')
FileInfo(name='task 4.1', extension='py', is_dir=False, parent='seminar4')
FileInfo(name='task 4.2', extension='py', is_dir=False, parent='seminar4')
FileInfo(name='task 4', extension='py', is_dir=False, parent='seminar4')
FileInfo(name='task 5', extension='py', is_dir=False, parent='seminar4')
FileInfo(name='task 6', extension='py', is_dir=False, parent='seminar4')
FileInfo(name='task 7', extension='py', is_dir=False, parent='seminar4')
FileInfo(name='task 8', extension='py', is_dir=False, parent='seminar4')
FileInfo(name='seminar5', extension='', is_dir=True, parent='Github5')
FileInfo(name='HW1', extension='py', is_dir=False, parent='seminar5')
FileInfo(name='HW2', extension='py', is_dir=False, parent='seminar5')
FileInfo(name='HW3', extension='py', is_dir=False, parent='seminar5')
FileInfo(name='task6.1', extension='py', is_dir=False, parent='seminar5')
FileInfo(name='task6', extension='py', is_dir=False, parent='seminar5')
FileInfo(name='seminar6', extension='', is_dir=True, parent='Github5')
FileInfo(name='chess2', extension='py', is_dir=False, parent='seminar6')
FileInfo(name='imports', extension='py', is_dir=False, parent='seminar6')
FileInfo(name='number_game', extension='py', is_dir=False, parent='seminar6')
FileInfo(name='task1', extension='py', is_dir=False, parent='seminar6')
FileInfo(name='task2.1', extension='py', is_dir=False, parent='seminar6')
FileInfo(name='task3', extension='py', is_dir=False, parent='seminar6')
FileInfo(name='__pycache__', extension='', is_dir=True, parent='seminar6')
FileInfo(name='imports.cpython-311', extension='pyc', is_dir=False, parent='__pycache__')
FileInfo(name='number_game.cpython-311', extension='pyc', is_dir=False, parent='__pycache__')
FileInfo(name='seminar6', extension='', is_dir=True, parent='Github5')
FileInfo(name='chess2', extension='py', is_dir=False, parent='seminar6.1')
FileInfo(name='task2', extension='', is_dir=True, parent='seminar6.1')
FileInfo(name='number_game', extension='py', is_dir=False, parent='task2')
FileInfo(name='task2', extension='py', is_dir=False, parent='task2')
FileInfo(name='__pycache__', extension='', is_dir=True, parent='task2')
FileInfo(name='number_game.cpython-311', extension='pyc', is_dir=False, parent='__pycache__')
FileInfo(name='task3', extension='', is_dir=True, parent='seminar6.1')
FileInfo(name='main', extension='py', is_dir=False, parent='task3.py')
FileInfo(name='task3', extension='py', is_dir=False, parent='task3.py')
FileInfo(name='task4', extension='', is_dir=True, parent='seminar6.1')
FileInfo(name='riddle_game', extension='py', is_dir=False, parent='task4.py')
FileInfo(name='task4', extension='py', is_dir=False, parent='task4.py')
FileInfo(name='__pycache__', extension='', is_dir=True, parent='task4.py')
FileInfo(name='riddle_game.cpython-310', extension='pyc', is_dir=False, parent='__pycache__')
FileInfo(name='riddle_game.cpython-311', extension='pyc', is_dir=False, parent='__pycache__')
FileInfo(name='task5', extension='', is_dir=True, parent='seminar6.1')
FileInfo(name='riddle_gameV2', extension='py', is_dir=False, parent='task5')
FileInfo(name='task6', extension='', is_dir=True, parent='seminar6.1')
FileInfo(name='main', extension='py', is_dir=False, parent='task6')
FileInfo(name='riddles', extension='py', is_dir=False, parent='task6')
FileInfo(name='__pycache__', extension='', is_dir=True, parent='task6')
FileInfo(name='riddles.cpython-310', extension='pyc', is_dir=False, parent='__pycache__')
FileInfo(name='task7', extension='', is_dir=True, parent='seminar6.1')
FileInfo(name='date_utils', extension='py', is_dir=False, parent='task7')
FileInfo(name='date_validator', extension='py', is_dir=False, parent='task7')
FileInfo(name='main', extension='py', is_dir=False, parent='task7')
FileInfo(name='__pycache__', extension='', is_dir=True, parent='task7')
FileInfo(name='date_utils.cpython-310', extension='pyc', is_dir=False, parent='__pycache__')
FileInfo(name='date_validator.cpython-310', extension='pyc', is_dir=False, parent='__pycache__')
FileInfo(name='__init__', extension='py', is_dir=False, parent='seminar6.1')
FileInfo(name='seminar7', extension='', is_dir=True, parent='Github5')
FileInfo(name='.vscode', extension='', is_dir=True, parent='seminar7')
FileInfo(name='settings', extension='json', is_dir=False, parent='.vscode')
FileInfo(name='data', extension='txt', is_dir=False, parent='seminar7')
FileInfo(name='HW-1', extension='', is_dir=True, parent='seminar7')
FileInfo(name='HW1', extension='py', is_dir=False, parent='HW-1')
FileInfo(name='names', extension='txt', is_dir=False, parent='seminar7')
FileInfo(name='output', extension='txt', is_dir=False, parent='seminar7')
FileInfo(name='task1', extension='py', is_dir=False, parent='seminar7')
FileInfo(name='task2', extension='py', is_dir=False, parent='seminar7')
FileInfo(name='task3', extension='py', is_dir=False, parent='seminar7')
FileInfo(name='task4', extension='', is_dir=True, parent='seminar7')
FileInfo(name='agah_new_file_148', extension='csv', is_dir=False, parent='task4')
FileInfo(name='ahde_new_file_156', extension='csv', is_dir=False, parent='task4')
FileInfo(name='ajlq_new_file_154', extension='csv', is_dir=False, parent='task4')
FileInfo(name='ajmj_new_file_049', extension='csv', is_dir=False, parent='task4')
FileInfo(name='amtk_new_file_195', extension='csv', is_dir=False, parent='task4')
FileInfo(name='avnq_new_file_044', extension='csv', is_dir=False, parent='task4')
FileInfo(name='bbtn_new_file_087', extension='csv', is_dir=False, parent='task4')
FileInfo(name='bhvu_new_file_051', extension='csv', is_dir=False, parent='task4')
FileInfo(name='caeu_new_file_136', extension='csv', is_dir=False, parent='task4')
FileInfo(name='ckxe_new_file_042', extension='csv', is_dir=False, parent='task4')
FileInfo(name='clva_new_file_090', extension='csv', is_dir=False, parent='task4')
FileInfo(name='cmoz_new_file_168', extension='csv', is_dir=False, parent='task4')
FileInfo(name='comf_new_file_068', extension='csv', is_dir=False, parent='task4')
FileInfo(name='couw_new_file_210', extension='csv', is_dir=False, parent='task4')
FileInfo(name='covt_new_file_111', extension='csv', is_dir=False, parent='task4')
FileInfo(name='crxk_new_file_061', extension='csv', is_dir=False, parent='task4')
FileInfo(name='cvyr_new_file_130', extension='csv', is_dir=False, parent='task4')
FileInfo(name='cxnk_new_file_053', extension='csv', is_dir=False, parent='task4')
FileInfo(name='dbvi_new_file_170', extension='csv', is_dir=False, parent='task4')
FileInfo(name='dcyd_new_file_038', extension='csv', is_dir=False, parent='task4')
FileInfo(name='dfea_new_file_198', extension='csv', is_dir=False, parent='task4')
FileInfo(name='dhkv_new_file_032', extension='csv', is_dir=False, parent='task4')
FileInfo(name='dlww_new_file_010', extension='csv', is_dir=False, parent='task4')
FileInfo(name='dmwc_new_file_017', extension='csv', is_dir=False, parent='task4')
FileInfo(name='dsca_new_file_081', extension='csv', is_dir=False, parent='task4')
FileInfo(name='dskj_new_file_177', extension='csv', is_dir=False, parent='task4')
FileInfo(name='dyqg_new_file_147', extension='csv', is_dir=False, parent='task4')
FileInfo(name='eftz_new_file_189', extension='csv', is_dir=False, parent='task4')
FileInfo(name='ejcp_new_file_191', extension='csv', is_dir=False, parent='task4')
FileInfo(name='ekjs_new_file_058', extension='csv', is_dir=False, parent='task4')
FileInfo(name='enrp_new_file_019', extension='csv', is_dir=False, parent='task4')
FileInfo(name='epte_new_file_015', extension='csv', is_dir=False, parent='task4')
FileInfo(name='etwg_new_file_133', extension='csv', is_dir=False, parent='task4')
FileInfo(name='evvw_new_file_110', extension='csv', is_dir=False, parent='task4')
FileInfo(name='fdss_new_file_003', extension='csv', is_dir=False, parent='task4')
FileInfo(name='fmmj_new_file_160', extension='csv', is_dir=False, parent='task4')
FileInfo(name='foci_new_file_126', extension='csv', is_dir=False, parent='task4')
FileInfo(name='fonj_new_file_028', extension='csv', is_dir=False, parent='task4')
FileInfo(name='fqhw_new_file_052', extension='csv', is_dir=False, parent='task4')
FileInfo(name='fsav_new_file_143', extension='csv', is_dir=False, parent='task4')
FileInfo(name='fuds_new_file_055', extension='csv', is_dir=False, parent='task4')
FileInfo(name='fuzj_new_file_108', extension='csv', is_dir=False, parent='task4')
FileInfo(name='fxrj_new_file_169', extension='csv', is_dir=False, parent='task4')
FileInfo(name='fzbj_new_file_174', extension='csv', is_dir=False, parent='task4')
FileInfo(name='gagr_new_file_035', extension='csv', is_dir=False, parent='task4')
FileInfo(name='garv_new_file_200', extension='csv', is_dir=False, parent='task4')
FileInfo(name='ggwy_new_file_005', extension='csv', is_dir=False, parent='task4')
FileInfo(name='gjnv_new_file_057', extension='csv', is_dir=False, parent='task4')
FileInfo(name='gpho_new_file_171', extension='csv', is_dir=False, parent='task4')
FileInfo(name='guew_new_file_027', extension='csv', is_dir=False, parent='task4')
FileInfo(name='hacq_new_file_103', extension='csv', is_dir=False, parent='task4')
FileInfo(name='hffc_new_file_073', extension='csv', is_dir=False, parent='task4')
FileInfo(name='hicc_new_file_064', extension='csv', is_dir=False, parent='task4')
FileInfo(name='hmhi_new_file_075', extension='csv', is_dir=False, parent='task4')
FileInfo(name='hmww_new_file_178', extension='csv', is_dir=False, parent='task4')
FileInfo(name='hqmx_new_file_025', extension='csv', is_dir=False, parent='task4')
FileInfo(name='hzaz_new_file_197', extension='csv', is_dir=False, parent='task4')
FileInfo(name='hzlq_new_file_161', extension='csv', is_dir=False, parent='task4')
FileInfo(name='idiz_new_file_152', extension='csv', is_dir=False, parent='task4')
FileInfo(name='igxn_new_file_140', extension='csv', is_dir=False, parent='task4')
FileInfo(name='iigz_new_file_144', extension='csv', is_dir=False, parent='task4')
FileInfo(name='iizt_new_file_123', extension='csv', is_dir=False, parent='task4')
FileInfo(name='ikgr_new_file_002', extension='csv', is_dir=False, parent='task4')
FileInfo(name='ikkt_new_file_092', extension='csv', is_dir=False, parent='task4')
FileInfo(name='ikql_new_file_131', extension='csv', is_dir=False, parent='task4')
FileInfo(name='inex_new_file_206', extension='csv', is_dir=False, parent='task4')
FileInfo(name='inwz_new_file_074', extension='csv', is_dir=False, parent='task4')
FileInfo(name='iubx_new_file_158', extension='csv', is_dir=False, parent='task4')
FileInfo(name='iufn_new_file_083', extension='csv', is_dir=False, parent='task4')
FileInfo(name='iumk_new_file_203', extension='csv', is_dir=False, parent='task4')
FileInfo(name='iwml_new_file_122', extension='csv', is_dir=False, parent='task4')
FileInfo(name='iwtc_new_file_134', extension='csv', is_dir=False, parent='task4')
FileInfo(name='jaye_new_file_018', extension='csv', is_dir=False, parent='task4')
FileInfo(name='jcft_new_file_175', extension='csv', is_dir=False, parent='task4')
FileInfo(name='jjxl_new_file_157', extension='csv', is_dir=False, parent='task4')
FileInfo(name='jnqh_new_file_059', extension='csv', is_dir=False, parent='task4')
FileInfo(name='jzbj_new_file_185', extension='csv', is_dir=False, parent='task4')
FileInfo(name='jzcg_new_file_166', extension='csv', is_dir=False, parent='task4')
FileInfo(name='jzwk_new_file_173', extension='csv', is_dir=False, parent='task4')
FileInfo(name='kifb_new_file_187', extension='csv', is_dir=False, parent='task4')
FileInfo(name='kkjj_new_file_020', extension='csv', is_dir=False, parent='task4')
FileInfo(name='kojy_new_file_008', extension='csv', is_dir=False, parent='task4')
FileInfo(name='kprm_new_file_088', extension='csv', is_dir=False, parent='task4')
FileInfo(name='kvve_new_file_023', extension='csv', is_dir=False, parent='task4')
FileInfo(name='llze_new_file_011', extension='csv', is_dir=False, parent='task4')
FileInfo(name='locp_new_file_193', extension='csv', is_dir=False, parent='task4')
FileInfo(name='mhlf_new_file_118', extension='csv', is_dir=False, parent='task4')
FileInfo(name='milv_new_file_202', extension='csv', is_dir=False, parent='task4')
FileInfo(name='mkld_new_file_204', extension='csv', is_dir=False, parent='task4')
FileInfo(name='mlgx_new_file_072', extension='csv', is_dir=False, parent='task4')
FileInfo(name='mosp_new_file_024', extension='csv', is_dir=False, parent='task4')
FileInfo(name='mpvs_new_file_127', extension='csv', is_dir=False, parent='task4')
FileInfo(name='mqcx_new_file_165', extension='csv', is_dir=False, parent='task4')
FileInfo(name='mywu_new_file_142', extension='csv', is_dir=False, parent='task4')
FileInfo(name='nlrr_new_file_080', extension='csv', is_dir=False, parent='task4')
FileInfo(name='nofe_new_file_054', extension='csv', is_dir=False, parent='task4')
FileInfo(name='ntuz_new_file_006', extension='csv', is_dir=False, parent='task4')
FileInfo(name='nyio_new_file_155', extension='csv', is_dir=False, parent='task4')
FileInfo(name='oavs_new_file_201', extension='csv', is_dir=False, parent='task4')
FileInfo(name='obwb_new_file_066', extension='csv', is_dir=False, parent='task4')
FileInfo(name='ofxf_new_file_098', extension='csv', is_dir=False, parent='task4')
FileInfo(name='okwk_new_file_099', extension='csv', is_dir=False, parent='task4')
FileInfo(name='olie_new_file_124', extension='csv', is_dir=False, parent='task4')
FileInfo(name='omja_new_file_182', extension='csv', is_dir=False, parent='task4')
FileInfo(name='onmz_new_file_159', extension='csv', is_dir=False, parent='task4')
FileInfo(name='oowo_new_file_040', extension='csv', is_dir=False, parent='task4')
FileInfo(name='orjw_new_file_056', extension='csv', is_dir=False, parent='task4')
FileInfo(name='oryb_new_file_016', extension='csv', is_dir=False, parent='task4')
FileInfo(name='otcf_new_file_034', extension='csv', is_dir=False, parent='task4')
FileInfo(name='outr_new_file_022', extension='csv', is_dir=False, parent='task4')
FileInfo(name='owce_new_file_105', extension='csv', is_dir=False, parent='task4')
FileInfo(name='oxsd_new_file_181', extension='csv', is_dir=False, parent='task4')
FileInfo(name='pihz_new_file_009', extension='csv', is_dir=False, parent='task4')
FileInfo(name='pohv_new_file_114', extension='csv', is_dir=False, parent='task4')
FileInfo(name='poii_new_file_101', extension='csv', is_dir=False, parent='task4')
FileInfo(name='pqdp_new_file_071', extension='csv', is_dir=False, parent='task4')
FileInfo(name='psuy_new_file_107', extension='csv', is_dir=False, parent='task4')
FileInfo(name='pvct_new_file_184', extension='csv', is_dir=False, parent='task4')
FileInfo(name='pypd_new_file_209', extension='csv', is_dir=False, parent='task4')
FileInfo(name='qelf_new_file_069', extension='csv', is_dir=False, parent='task4')
FileInfo(name='qhaj_new_file_207', extension='csv', is_dir=False, parent='task4')
FileInfo(name='qjdx_new_file_138', extension='csv', is_dir=False, parent='task4')
FileInfo(name='qkzd_new_file_106', extension='csv', is_dir=False, parent='task4')
FileInfo(name='qqdl_new_file_079', extension='csv', is_dir=False, parent='task4')
FileInfo(name='qqko_new_file_004', extension='csv', is_dir=False, parent='task4')
FileInfo(name='qtrq_new_file_062', extension='csv', is_dir=False, parent='task4')
FileInfo(name='qtwy_new_file_076', extension='csv', is_dir=False, parent='task4')
FileInfo(name='quzs_new_file_151', extension='csv', is_dir=False, parent='task4')
FileInfo(name='qvqt_new_file_046', extension='csv', is_dir=False, parent='task4')
FileInfo(name='qwfh_new_file_091', extension='csv', is_dir=False, parent='task4')
FileInfo(name='qwxa_new_file_047', extension='csv', is_dir=False, parent='task4')
FileInfo(name='qxgg_new_file_120', extension='csv', is_dir=False, parent='task4')
FileInfo(name='rhym_new_file_001', extension='csv', is_dir=False, parent='task4')
FileInfo(name='rjef_new_file_141', extension='csv', is_dir=False, parent='task4')
FileInfo(name='rmbs_new_file_149', extension='csv', is_dir=False, parent='task4')
FileInfo(name='rocu_new_file_095', extension='csv', is_dir=False, parent='task4')
FileInfo(name='rope_new_file_070', extension='csv', is_dir=False, parent='task4')
FileInfo(name='rywd_new_file_176', extension='csv', is_dir=False, parent='task4')
FileInfo(name='sdqf_new_file_188', extension='csv', is_dir=False, parent='task4')
FileInfo(name='sebd_new_file_119', extension='csv', is_dir=False, parent='task4')
FileInfo(name='sfex_new_file_012', extension='csv', is_dir=False, parent='task4')
FileInfo(name='sfqx_new_file_048', extension='csv', is_dir=False, parent='task4')
FileInfo(name='sgsj_new_file_041', extension='csv', is_dir=False, parent='task4')
FileInfo(name='sjhz_new_file_183', extension='csv', is_dir=False, parent='task4')
FileInfo(name='sjrm_new_file_050', extension='csv', is_dir=False, parent='task4')
FileInfo(name='squs_new_file_013', extension='csv', is_dir=False, parent='task4')
FileInfo(name='sryt_new_file_196', extension='csv', is_dir=False, parent='task4')
FileInfo(name='suab_new_file_116', extension='csv', is_dir=False, parent='task4')
FileInfo(name='syln_new_file_043', extension='csv', is_dir=False, parent='task4')
FileInfo(name='tbrz_new_file_132', extension='csv', is_dir=False, parent='task4')
FileInfo(name='tcnu_new_file_039', extension='csv', is_dir=False, parent='task4')
FileInfo(name='tdry_new_file_085', extension='csv', is_dir=False, parent='task4')
FileInfo(name='trfa_new_file_192', extension='csv', is_dir=False, parent='task4')
FileInfo(name='twed_new_file_117', extension='csv', is_dir=False, parent='task4')
FileInfo(name='tyjk_new_file_115', extension='csv', is_dir=False, parent='task4')
FileInfo(name='tzhe_new_file_125', extension='csv', is_dir=False, parent='task4')
FileInfo(name='ubuw_new_file_037', extension='csv', is_dir=False, parent='task4')
FileInfo(name='ufgk_new_file_113', extension='csv', is_dir=False, parent='task4')
FileInfo(name='uhtc_new_file_029', extension='csv', is_dir=False, parent='task4')
FileInfo(name='uhww_new_file_163', extension='csv', is_dir=False, parent='task4')
FileInfo(name='uhyl_new_file_179', extension='csv', is_dir=False, parent='task4')
FileInfo(name='uiuq_new_file_067', extension='csv', is_dir=False, parent='task4')
FileInfo(name='ujbw_new_file_129', extension='csv', is_dir=False, parent='task4')
FileInfo(name='ukpx_new_file_033', extension='csv', is_dir=False, parent='task4')
FileInfo(name='ukvu_new_file_145', extension='csv', is_dir=False, parent='task4')
FileInfo(name='ulnc_new_file_086', extension='csv', is_dir=False, parent='task4')
FileInfo(name='umaw_new_file_077', extension='csv', is_dir=False, parent='task4')
FileInfo(name='uqho_new_file_082', extension='csv', is_dir=False, parent='task4')
FileInfo(name='urpz_new_file_065', extension='csv', is_dir=False, parent='task4')
FileInfo(name='uvkl_new_file_186', extension='csv', is_dir=False, parent='task4')
FileInfo(name='uvzd_new_file_007', extension='csv', is_dir=False, parent='task4')
FileInfo(name='vasg_new_file_021', extension='csv', is_dir=False, parent='task4')
FileInfo(name='vess_new_file_094', extension='csv', is_dir=False, parent='task4')
FileInfo(name='vico_new_file_097', extension='csv', is_dir=False, parent='task4')
FileInfo(name='vjvb_new_file_121', extension='csv', is_dir=False, parent='task4')
FileInfo(name='vlkj_new_file_137', extension='csv', is_dir=False, parent='task4')
FileInfo(name='vmzj_new_file_014', extension='csv', is_dir=False, parent='task4')
FileInfo(name='vpta_new_file_109', extension='csv', is_dir=False, parent='task4')
FileInfo(name='vrfa_new_file_194', extension='csv', is_dir=False, parent='task4')
FileInfo(name='vwiz_new_file_036', extension='csv', is_dir=False, parent='task4')
FileInfo(name='vwky_new_file_139', extension='csv', is_dir=False, parent='task4')
FileInfo(name='wdio_new_file_167', extension='csv', is_dir=False, parent='task4')
FileInfo(name='wjes_new_file_026', extension='csv', is_dir=False, parent='task4')
FileInfo(name='wogi_new_file_150', extension='csv', is_dir=False, parent='task4')
FileInfo(name='xbav_new_file_084', extension='csv', is_dir=False, parent='task4')
FileInfo(name='xcfu_new_file_102', extension='csv', is_dir=False, parent='task4')
FileInfo(name='xfaf_new_file_089', extension='csv', is_dir=False, parent='task4')
FileInfo(name='xgjc_new_file_199', extension='csv', is_dir=False, parent='task4')
FileInfo(name='xppr_new_file_190', extension='csv', is_dir=False, parent='task4')
FileInfo(name='xqpm_new_file_172', extension='csv', is_dir=False, parent='task4')
FileInfo(name='xrjs_new_file_100', extension='csv', is_dir=False, parent='task4')
FileInfo(name='xwdl_new_file_060', extension='csv', is_dir=False, parent='task4')
FileInfo(name='xwpr_new_file_180', extension='csv', is_dir=False, parent='task4')
FileInfo(name='xxmi_new_file_093', extension='csv', is_dir=False, parent='task4')
FileInfo(name='xyld_new_file_146', extension='csv', is_dir=False, parent='task4')
FileInfo(name='yavv_new_file_063', extension='csv', is_dir=False, parent='task4')
FileInfo(name='yefc_new_file_162', extension='csv', is_dir=False, parent='task4')
FileInfo(name='yevv_new_file_045', extension='csv', is_dir=False, parent='task4')
FileInfo(name='yfuz_new_file_205', extension='csv', is_dir=False, parent='task4')
FileInfo(name='yigp_new_file_104', extension='csv', is_dir=False, parent='task4')
FileInfo(name='yjtp_new_file_112', extension='csv', is_dir=False, parent='task4')
FileInfo(name='ynlv_new_file_153', extension='csv', is_dir=False, parent='task4')
FileInfo(name='yxtv_new_file_164', extension='csv', is_dir=False, parent='task4')
FileInfo(name='zeid_new_file_135', extension='csv', is_dir=False, parent='task4')
FileInfo(name='zfcd_new_file_096', extension='csv', is_dir=False, parent='task4')
FileInfo(name='zjgn_new_file_031', extension='csv', is_dir=False, parent='task4')
FileInfo(name='zlyd_new_file_128', extension='csv', is_dir=False, parent='task4')
FileInfo(name='zspu_new_file_030', extension='csv', is_dir=False, parent='task4')
FileInfo(name='zsrc_new_file_208', extension='csv', is_dir=False, parent='task4')
FileInfo(name='zzua_new_file_078', extension='csv', is_dir=False, parent='task4')
FileInfo(name='task44_', extension='', is_dir=True, parent='seminar7')
FileInfo(name='afrhdpfgqucjzqwgfxnowvjflhp.', extension='txt', is_dir=False, parent='task44_')
FileInfo(name='bfxildyohpfnozgh.', extension='txt', is_dir=False, parent='task44_')
FileInfo(name='bnxlvgnsxu.', extension='txt', is_dir=False, parent='task44_')
FileInfo(name='brillrqbucneeuoguea.', extension='txt', is_dir=False, parent='task44_')
FileInfo(name='bysracvbgfcqeyydsquvxjws.', extension='txt', is_dir=False, parent='task44_')
FileInfo(name='ctajgawlugcibgpsxpbwygkx.', extension='txt', is_dir=False, parent='task44_')
FileInfo(name='drrtiwmkyeqsadtxr.', extension='txt', is_dir=False, parent='task44_')
FileInfo(name='eqkjmslwzjshzatjooermxxkmwn.', extension='txt', is_dir=False, parent='task44_')
FileInfo(name='fgwwljpmhrohhnybuddcpuqo.', extension='txt', is_dir=False, parent='task44_')
FileInfo(name='hhjmqfqinuyclvqekawjhqft.', extension='txt', is_dir=False, parent='task44_')
FileInfo(name='hmielvdsepyed.', extension='txt', is_dir=False, parent='task44_')
FileInfo(name='hndzvtxuakunyacbnhlzqwnoarathw.', extension='txt', is_dir=False, parent='task44_')
FileInfo(name='ipqakyqzxiz.', extension='txt', is_dir=False, parent='task44_')
FileInfo(name='kkcqmouarkvjxkpiqlygmxrkmhxyyz.', extension='txt', is_dir=False, parent='task44_')
FileInfo(name='kwjykovxdagswboiak.', extension='txt', is_dir=False, parent='task44_')
FileInfo(name='lcwftgb.', extension='txt', is_dir=False, parent='task44_')
FileInfo(name='lkkicltovwkwsy.', extension='txt', is_dir=False, parent='task44_')
FileInfo(name='mgqiwsojsuhtdwuusx.', extension='txt', is_dir=False, parent='task44_')
FileInfo(name='myxehciemxsvjbbntcktiqseqbqbjh.', extension='txt', is_dir=False, parent='task44_')
FileInfo(name='norpcaqftlybmjnpecdxeo.', extension='txt', is_dir=False, parent='task44_')
FileInfo(name='nwmcsrd.', extension='txt', is_dir=False, parent='task44_')
FileInfo(name='nydzltqbjhcgx.', extension='txt', is_dir=False, parent='task44_')
FileInfo(name='ojupliilbhxzxedfbhiib.', extension='txt', is_dir=False, parent='task44_')
FileInfo(name='oklwqfexhekcvcjuctkbnndzqy.', extension='txt', is_dir=False, parent='task44_')
FileInfo(name='pbsmyroudz.', extension='txt', is_dir=False, parent='task44_')
FileInfo(name='pieugmuhprlrkxvhalwcdvteyx.', extension='txt', is_dir=False, parent='task44_')
FileInfo(name='pqdcoevsgsdzmrrqfr.', extension='txt', is_dir=False, parent='task44_')
FileInfo(name='qdsyhzsknmtxt.', extension='txt', is_dir=False, parent='task44_')
FileInfo(name='rbathtcfkkgj.', extension='txt', is_dir=False, parent='task44_')
FileInfo(name='rqkvwoyqzhnutkajohtbdri.', extension='txt', is_dir=False, parent='task44_')
FileInfo(name='seouaa.', extension='txt', is_dir=False, parent='task44_')
FileInfo(name='smawfrruxhsjqfxjqbkunypzyhrvvt.', extension='txt', is_dir=False, parent='task44_')
FileInfo(name='sonzyunjyzecbcjzxmxiydlajyfk.', extension='txt', is_dir=False, parent='task44_')
FileInfo(name='tgtylkg.', extension='txt', is_dir=False, parent='task44_')
FileInfo(name='ukybxxy.', extension='txt', is_dir=False, parent='task44_')
FileInfo(name='vnrxpar.', extension='txt', is_dir=False, parent='task44_')
FileInfo(name='whabqqqidytg.', extension='txt', is_dir=False, parent='task44_')
FileInfo(name='xektuitwqzdvjgwaghrdbrwfyhufn.', extension='txt', is_dir=False, parent='task44_')
FileInfo(name='xixqjr.', extension='txt', is_dir=False, parent='task44_')
FileInfo(name='xwvpfjgojbqjwfgsclfaoijmjbs.', extension='txt', is_dir=False, parent='task44_')
FileInfo(name='yfjpnbzycpndvywqdebvcycryrjlzm.', extension='txt', is_dir=False, parent='task44_')
FileInfo(name='zveuaubmlbuxoktvkis.', extension='txt', is_dir=False, parent='task44_')
FileInfo(name='task5', extension='', is_dir=True, parent='seminar7')
FileInfo(name='cveqyocmqxlhe.', extension='json', is_dir=False, parent='task5.files')
FileInfo(name='gapvpditizadytnluqyhtxarotwnn.', extension='csv', is_dir=False, parent='task5.files')
FileInfo(name='hixggbpgtxtnfrvvlhstd.', extension='json', is_dir=False, parent='task5.files')
FileInfo(name='hjxrqivysmb.', extension='txt', is_dir=False, parent='task5.files')
FileInfo(name='hsifod.', extension='txt', is_dir=False, parent='task5.files')
FileInfo(name='ibayijnqngkmmkza.', extension='json', is_dir=False, parent='task5.files')
FileInfo(name='iwjhmnjgoj.', extension='csv', is_dir=False, parent='task5.files')
FileInfo(name='lrmcepsregzcslbq.', extension='json', is_dir=False, parent='task5.files')
FileInfo(name='mkceewueedcfsqdywnphnutbcgayxz.', extension='csv', is_dir=False, parent='task5.files')
FileInfo(name='mtvkzdyqfryauarwf.', extension='txt', is_dir=False, parent='task5.files')
FileInfo(name='mvkjtpcpfdiihxsknif.', extension='txt', is_dir=False, parent='task5.files')
FileInfo(name='nucmeycvtegmkij.', extension='csv', is_dir=False, parent='task5.files')
FileInfo(name='pbobqatovqswkomoiipcc.', extension='txt', is_dir=False, parent='task5.files')
FileInfo(name='qaduvmhubewiofvcysfote.', extension='json', is_dir=False, parent='task5.files')
FileInfo(name='qlygucfedokrgdoptyr.', extension='json', is_dir=False, parent='task5.files')
FileInfo(name='qvtitnvinuhfx.', extension='csv', is_dir=False, parent='task5.files')
FileInfo(name='txqgemaflficbgaqamrvmsatidm.', extension='json', is_dir=False, parent='task5.files')
FileInfo(name='uasprcdlfyldcxxxcjd.', extension='txt', is_dir=False, parent='task5.files')
FileInfo(name='vrjnogxoath.', extension='txt', is_dir=False, parent='task5.files')
FileInfo(name='ygmypocj.', extension='txt', is_dir=False, parent='task5.files')
FileInfo(name='yiqdvexyjserelzgld.', extension='txt', is_dir=False, parent='task5.files')
FileInfo(name='zwqrrkizirpoqqzkafiycnvhlhctn.', extension='txt', is_dir=False, parent='task5.files')
FileInfo(name='task5_', extension='', is_dir=True, parent='seminar7')
FileInfo(name='task4', extension='py', is_dir=False, parent='task5_')
FileInfo(name='task5', extension='', is_dir=True, parent='task5_')
FileInfo(name='arhhydpwqokpeg.', extension='jpg', is_dir=False, parent='task5.files')
FileInfo(name='bhetngurqpfadvyqcq.', extension='csv', is_dir=False, parent='task5.files')
FileInfo(name='bhznnuuskwznayi.', extension='csv', is_dir=False, parent='task5.files')
FileInfo(name='cayhyyqhegqbgy.', extension='jpg', is_dir=False, parent='task5.files')
FileInfo(name='czrhxhfhayg.', extension='py', is_dir=False, parent='task5.files')
FileInfo(name='dieeuqzvbxjrpjcjpbnjstby.', extension='txt', is_dir=False, parent='task5.files')
FileInfo(name='dqznalrwjuvuc.', extension='py', is_dir=False, parent='task5.files')
FileInfo(name='esfurrchsnm.', extension='py', is_dir=False, parent='task5.files')
FileInfo(name='etyxjksrbjctl.', extension='txt', is_dir=False, parent='task5.files')
FileInfo(name='ewcaexxoq.', extension='txt', is_dir=False, parent='task5.files')
FileInfo(name='eztaiapazxvvegyyd.', extension='txt', is_dir=False, parent='task5.files')
FileInfo(name='fndhjeegcjtherlrmsgfzkvbrjmi.', extension='jpg', is_dir=False, parent='task5.files')
FileInfo(name='frnkegzmfgcrteymmonhavxbuhzr.', extension='jpg', is_dir=False, parent='task5.files')
FileInfo(name='gdwyugjfgnhfogxf.', extension='py', is_dir=False, parent='task5.files')
FileInfo(name='hxzjfxjghncgvwr.', extension='txt', is_dir=False, parent='task5.files')
FileInfo(name='ipasacfrdvbz.', extension='txt', is_dir=False, parent='task5.files')
FileInfo(name='itxqhsjeufxmtgvg.', extension='jpg', is_dir=False, parent='task5.files')
FileInfo(name='jcatqtzluppyycn.', extension='txt', is_dir=False, parent='task5.files')
FileInfo(name='jfdiijopkbqtlwucfkrljh.', extension='txt', is_dir=False, parent='task5.files')
FileInfo(name='krdfxeqizoxlaxfhftuciieheyxk.', extension='py', is_dir=False, parent='task5.files')
FileInfo(name='lbebxmnthdbt.', extension='csv', is_dir=False, parent='task5.files')
FileInfo(name='lqctkwkffrcvkegvp.', extension='py', is_dir=False, parent='task5.files')
FileInfo(name='lvlphegfguvi.', extension='py', is_dir=False, parent='task5.files')
FileInfo(name='lvrwhij.', extension='py', is_dir=False, parent='task5.files')
FileInfo(name='nmwtlzwhtdvjhdxs.', extension='txt', is_dir=False, parent='task5.files')
FileInfo(name='nvwoivhwphofkeijpfdp.', extension='txt', is_dir=False, parent='task5.files')
FileInfo(name='nwjyrrsqtpwifujhtwysvtcrzypc.', extension='csv', is_dir=False, parent='task5.files')
FileInfo(name='oavnbg.', extension='txt', is_dir=False, parent='task5.files')
FileInfo(name='opvwjbmctmtsqiicqumqfcdespwyv.', extension='txt', is_dir=False, parent='task5.files')
FileInfo(name='ovhlkevlybiavec.', extension='txt', is_dir=False, parent='task5.files')
FileInfo(name='pmzvceyqrivg.', extension='csv', is_dir=False, parent='task5.files')
FileInfo(name='pvvywuyg.', extension='py', is_dir=False, parent='task5.files')
FileInfo(name='qvmhegqlxufvuktwowdrgg.', extension='csv', is_dir=False, parent='task5.files')
FileInfo(name='rqykdwdiylxva.', extension='csv', is_dir=False, parent='task5.files')
FileInfo(name='rzpiakpbmcyudugecmh.', extension='py', is_dir=False, parent='task5.files')
FileInfo(name='sedkntiehluzmkw.', extension='csv', is_dir=False, parent='task5.files')
FileInfo(name='sfprqpdugwf.', extension='csv', is_dir=False, parent='task5.files')
FileInfo(name='snzdmhr.', extension='txt', is_dir=False, parent='task5.files')
FileInfo(name='soyadzrt.', extension='jpg', is_dir=False, parent='task5.files')
FileInfo(name='szhabd.', extension='csv', is_dir=False, parent='task5.files')
FileInfo(name='tbtljinqmkwcdvbqxo.', extension='txt', is_dir=False, parent='task5.files')
FileInfo(name='tidifhvso.', extension='py', is_dir=False, parent='task5.files')
FileInfo(name='tjhmlevuyuzgeuoovdpzvmytafv.', extension='txt', is_dir=False, parent='task5.files')
FileInfo(name='tkvgyavwfrkazpsbjroavezljdhoo.', extension='txt', is_dir=False, parent='task5.files')
FileInfo(name='upsugusfxa.', extension='txt', is_dir=False, parent='task5.files')
FileInfo(name='uqkxgbnvzrmwrvgevuurvlwf.', extension='py', is_dir=False, parent='task5.files')
FileInfo(name='weidnpqdtazbrpcsbyqgebtltpgqj.', extension='py', is_dir=False, parent='task5.files')
FileInfo(name='zienmhwrzvlsx.', extension='txt', is_dir=False, parent='task5.files')
FileInfo(name='zpdueskgsa.', extension='txt', is_dir=False, parent='task5.files')
FileInfo(name='zsouqfbnaflvgcahyyhmmsl.', extension='py', is_dir=False, parent='task5.files')
FileInfo(name='task5', extension='py', is_dir=False, parent='task5_')
FileInfo(name='__pycache__', extension='', is_dir=True, parent='task5_')
FileInfo(name='task4.cpython-311', extension='pyc', is_dir=False, parent='__pycache__')
FileInfo(name='task6', extension='', is_dir=True, parent='seminar7')
FileInfo(name='ahnkqjfdisutldhiifxsqlfppx.', extension='txt', is_dir=False, parent='task6')
FileInfo(name='bujexx.', extension='json', is_dir=False, parent='task6')
FileInfo(name='bveqoimrzprch.', extension='json', is_dir=False, parent='task6')
FileInfo(name='fwdtpc.', extension='txt', is_dir=False, parent='task6')
FileInfo(name='gnutklvmtzlcyqvo.', extension='txt', is_dir=False, parent='task6')
FileInfo(name='gouuteaes.', extension='txt', is_dir=False, parent='task6')
FileInfo(name='isymntsl.', extension='csv', is_dir=False, parent='task6')
FileInfo(name='jvhgfgzedvrgf.', extension='json', is_dir=False, parent='task6')
FileInfo(name='jyfxubin.', extension='txt', is_dir=False, parent='task6')
FileInfo(name='kbzghwlizqypoxxqiumgzjq.', extension='json', is_dir=False, parent='task6')
FileInfo(name='lzwoats.', extension='txt', is_dir=False, parent='task6')
FileInfo(name='mmcgfjadstzj.', extension='csv', is_dir=False, parent='task6')
FileInfo(name='mzmfiveoyfazhiyuopvn.', extension='csv', is_dir=False, parent='task6')
FileInfo(name='nxlotrcwghkqrfkzallennbvf.', extension='txt', is_dir=False, parent='task6')
FileInfo(name='rpmqoxtxxo.', extension='json', is_dir=False, parent='task6')
FileInfo(name='rwgegejjvbyolinb.', extension='csv', is_dir=False, parent='task6')
FileInfo(name='task6', extension='py', is_dir=False, parent='task6')
FileInfo(name='tmgxrpmfdewsexrxsrjb.', extension='csv', is_dir=False, parent='task6')
FileInfo(name='ubvavfpsdkawnht.', extension='json', is_dir=False, parent='task6')
FileInfo(name='vzrhmuwuzvpfrdjgfnxuzjqc.', extension='txt', is_dir=False, parent='task6')
FileInfo(name='xokhgnpkrxeyrlhkzeep.', extension='json', is_dir=False, parent='task6')
FileInfo(name='zivoqfmztbybvmwrzxodvhfdwugog.', extension='txt', is_dir=False, parent='task6')
FileInfo(name='zrwutnwrqav.', extension='txt', is_dir=False, parent='task6')
FileInfo(name='task_4', extension='', is_dir=True, parent='seminar7')
FileInfo(name='abggpivkqojthcwa.', extension='txt', is_dir=False, parent='task_4.py')
FileInfo(name='abxihdi.', extension='txt', is_dir=False, parent='task_4.py')
FileInfo(name='adijreesdu.', extension='txt', is_dir=False, parent='task_4.py')
FileInfo(name='amotpekbwvrliyoxpp.', extension='txt', is_dir=False, parent='task_4.py')
FileInfo(name='apvlibzzmkitqrijgdwvwagjivgdii.', extension='txt', is_dir=False, parent='task_4.py')
FileInfo(name='chdvdetupgicstagqgzpvhfprfyqsr.', extension='txt', is_dir=False, parent='task_4.py')
FileInfo(name='chgbogs.', extension='txt', is_dir=False, parent='task_4.py')
FileInfo(name='daojoxlwxquipohbdywubwudpx.', extension='txt', is_dir=False, parent='task_4.py')
FileInfo(name='exgerkqdqgmxsrwuxrqb.', extension='txt', is_dir=False, parent='task_4.py')
FileInfo(name='fdygnjcfpxpzmrsy.', extension='txt', is_dir=False, parent='task_4.py')
FileInfo(name='givslshjcsyiqrwfdfueq.', extension='txt', is_dir=False, parent='task_4.py')
FileInfo(name='hffiesc.', extension='txt', is_dir=False, parent='task_4.py')
FileInfo(name='jkbetaiioqxnnbpsggdfhbann.', extension='txt', is_dir=False, parent='task_4.py')
FileInfo(name='jpjypusizzrgajutc.', extension='txt', is_dir=False, parent='task_4.py')
FileInfo(name='jzjbpopbofpbcdwexuyuiwtkeusn.', extension='txt', is_dir=False, parent='task_4.py')
FileInfo(name='jzyleiongohh.', extension='txt', is_dir=False, parent='task_4.py')
FileInfo(name='kiegwoabtlbcpqdina.', extension='txt', is_dir=False, parent='task_4.py')
FileInfo(name='mglvcpv.', extension='txt', is_dir=False, parent='task_4.py')
FileInfo(name='nftnjtgkxfk.', extension='txt', is_dir=False, parent='task_4.py')
FileInfo(name='ngpinjihcttyzabuxklwetpiwkcuh.', extension='txt', is_dir=False, parent='task_4.py')
FileInfo(name='npubkrylrsdherhjojueseotirdftp.', extension='txt', is_dir=False, parent='task_4.py')
FileInfo(name='ntyhawxzuw.', extension='txt', is_dir=False, parent='task_4.py')
FileInfo(name='oejojwseetqqmfhmkvqtnrugyz.', extension='txt', is_dir=False, parent='task_4.py')
FileInfo(name='ojleaxfmjedhidjhm.', extension='txt', is_dir=False, parent='task_4.py')
FileInfo(name='othhlbomdr.', extension='txt', is_dir=False, parent='task_4.py')
FileInfo(name='qismderxzjytetpwybmvqmtwrndbf.', extension='txt', is_dir=False, parent='task_4.py')
FileInfo(name='qwmfzscfpdavydfqorv.', extension='txt', is_dir=False, parent='task_4.py')
FileInfo(name='qzbslunx.', extension='txt', is_dir=False, parent='task_4.py')
FileInfo(name='task4', extension='py', is_dir=False, parent='task_4.py')
FileInfo(name='tdmtoorepygfcgsvhht.', extension='txt', is_dir=False, parent='task_4.py')
FileInfo(name='tiorownmnvtzeqaclcszzigut.', extension='txt', is_dir=False, parent='task_4.py')
FileInfo(name='tmefijuhnoeioajobet.', extension='txt', is_dir=False, parent='task_4.py')
FileInfo(name='ttgolxwzkltxrckrssdql.', extension='txt', is_dir=False, parent='task_4.py')
FileInfo(name='tzikfkcxwj.', extension='txt', is_dir=False, parent='task_4.py')
FileInfo(name='uacukx.', extension='txt', is_dir=False, parent='task_4.py')
FileInfo(name='uiwkeseqerewwoqdnkua.', extension='txt', is_dir=False, parent='task_4.py')
FileInfo(name='vhoppxgaidxttdwbhemglqmckqryd.', extension='txt', is_dir=False, parent='task_4.py')
FileInfo(name='vrzuoajooxagthzmlvwqnbvniee.', extension='txt', is_dir=False, parent='task_4.py')
FileInfo(name='wdqczmqvmqokdorlnoxzbzg.', extension='txt', is_dir=False, parent='task_4.py')
FileInfo(name='wseyld.', extension='txt', is_dir=False, parent='task_4.py')
FileInfo(name='ynaalu.', extension='txt', is_dir=False, parent='task_4.py')
FileInfo(name='ywrmohewmxiscefziborodtyg.', extension='txt', is_dir=False, parent='task_4.py')
FileInfo(name='zawnjpadldiehjbb.', extension='txt', is_dir=False, parent='task_4.py')
FileInfo(name='seminar8', extension='', is_dir=True, parent='Github5')
FileInfo(name='.gitignore', extension='', is_dir=False, parent='seminar8')
FileInfo(name='file_explorer', extension='', is_dir=True, parent='seminar8')
FileInfo(name='.gitignore', extension='', is_dir=False, parent='file_explorer')
FileInfo(name='.idea', extension='', is_dir=True, parent='file_explorer')
FileInfo(name='.gitignore', extension='', is_dir=False, parent='.idea')
FileInfo(name='file_explorer', extension='iml', is_dir=False, parent='.idea')
FileInfo(name='inspectionProfiles', extension='', is_dir=True, parent='.idea')
FileInfo(name='profiles_settings', extension='xml', is_dir=False, parent='inspectionProfiles')
FileInfo(name='misc', extension='xml', is_dir=False, parent='.idea')
FileInfo(name='modules', extension='xml', is_dir=False, parent='.idea')
FileInfo(name='workspace', extension='xml', is_dir=False, parent='.idea')
FileInfo(name='explorer_object', extension='py', is_dir=False, parent='file_explorer')
FileInfo(name='file_operations', extension='py', is_dir=False, parent='file_explorer')
FileInfo(name='main', extension='py', is_dir=False, parent='file_explorer')
FileInfo(name='outputDirs', extension='csv', is_dir=False, parent='file_explorer')
FileInfo(name='outputDirs', extension='json', is_dir=False, parent='file_explorer')
FileInfo(name='outputDirs', extension='pickle', is_dir=False, parent='file_explorer')
FileInfo(name='__init__', extension='py', is_dir=False, parent='file_explorer')
FileInfo(name='__pycache__', extension='', is_dir=True, parent='file_explorer')
FileInfo(name='explorer_object.cpython-311', extension='pyc', is_dir=False, parent='__pycache__')
FileInfo(name='file_operations.cpython-311', extension='pyc', is_dir=False, parent='__pycache__')
FileInfo(name='hometask', extension='py', is_dir=False, parent='seminar8')
FileInfo(name='output', extension='csv', is_dir=False, parent='seminar8')
FileInfo(name='output', extension='json', is_dir=False, parent='seminar8')
FileInfo(name='output', extension='pickle', is_dir=False, parent='seminar8')
FileInfo(name='output', extension='txt', is_dir=False, parent='seminar8')
FileInfo(name='outputDirs', extension='csv', is_dir=False, parent='seminar8')
FileInfo(name='outputDirs', extension='json', is_dir=False, parent='seminar8')
FileInfo(name='outputDirs', extension='pickle', is_dir=False, parent='seminar8')
FileInfo(name='outputFromPickle', extension='csv', is_dir=False, parent='seminar8')
FileInfo(name='task1', extension='py', is_dir=False, parent='seminar8')
FileInfo(name='task2', extension='py', is_dir=False, parent='seminar8')
FileInfo(name='task3', extension='py', is_dir=False, parent='seminar8')
FileInfo(name='task4', extension='py', is_dir=False, parent='seminar8')
FileInfo(name='task5', extension='py', is_dir=False, parent='seminar8')
FileInfo(name='task6', extension='py', is_dir=False, parent='seminar8')
FileInfo(name='task7', extension='py', is_dir=False, parent='seminar8')
FileInfo(name='users', extension='csv', is_dir=False, parent='seminar8')
FileInfo(name='users', extension='json', is_dir=False, parent='seminar8')
FileInfo(name='users', extension='pickle', is_dir=False, parent='seminar8')
FileInfo(name='users_processed2', extension='json', is_dir=False, parent='seminar8')
FileInfo(name='users_processed2', extension='pickle', is_dir=False, parent='seminar8')
FileInfo(name='users_processed2FromPickle', extension='csv', is_dir=False, parent='seminar8')
FileInfo(name='seminar8 - Kopie', extension='', is_dir=True, parent='Github5')
FileInfo(name='hometask', extension='py', is_dir=False, parent='seminar8 - Kopie')
FileInfo(name='output', extension='csv', is_dir=False, parent='seminar8 - Kopie')
FileInfo(name='output', extension='json', is_dir=False, parent='seminar8 - Kopie')
FileInfo(name='output', extension='pickle', is_dir=False, parent='seminar8 - Kopie')
FileInfo(name='output', extension='txt', is_dir=False, parent='seminar8 - Kopie')
FileInfo(name='outputDirs', extension='csv', is_dir=False, parent='seminar8 - Kopie')
FileInfo(name='outputDirs', extension='json', is_dir=False, parent='seminar8 - Kopie')
FileInfo(name='outputDirs', extension='pickle', is_dir=False, parent='seminar8 - Kopie')
FileInfo(name='outputFromPickle', extension='csv', is_dir=False, parent='seminar8 - Kopie')
FileInfo(name='task1', extension='py', is_dir=False, parent='seminar8 - Kopie')
FileInfo(name='task2', extension='py', is_dir=False, parent='seminar8 - Kopie')
FileInfo(name='task3', extension='py', is_dir=False, parent='seminar8 - Kopie')
FileInfo(name='task4', extension='py', is_dir=False, parent='seminar8 - Kopie')
FileInfo(name='task5+siski', extension='py', is_dir=False, parent='seminar8 - Kopie')
FileInfo(name='task6', extension='py', is_dir=False, parent='seminar8 - Kopie')
FileInfo(name='task7', extension='py', is_dir=False, parent='seminar8 - Kopie')
FileInfo(name='users', extension='csv', is_dir=False, parent='seminar8 - Kopie')
FileInfo(name='users', extension='json', is_dir=False, parent='seminar8 - Kopie')
FileInfo(name='users', extension='pickle', is_dir=False, parent='seminar8 - Kopie')
FileInfo(name='users_processed2', extension='json', is_dir=False, parent='seminar8 - Kopie')
FileInfo(name='users_processed2', extension='pickle', is_dir=False, parent='seminar8 - Kopie')
FileInfo(name='users_processed2FromPickle', extension='csv', is_dir=False, parent='seminar8 - Kopie')
FileInfo(name='seminar8', extension='zip', is_dir=False, parent='Github5')
FileInfo(name='seminar9', extension='', is_dir=True, parent='Github5')
FileInfo(name='data', extension='csv', is_dir=False, parent='seminar9')
FileInfo(name='game', extension='json', is_dir=False, parent='seminar9')
FileInfo(name='games_package', extension='', is_dir=True, parent='seminar9')
FileInfo(name='game1', extension='py', is_dir=False, parent='games_package')
FileInfo(name='game2', extension='py', is_dir=False, parent='games_package')
FileInfo(name='init', extension='py', is_dir=False, parent='games_package')
FileInfo(name='math_package', extension='', is_dir=True, parent='seminar9')
FileInfo(name='csv_generator', extension='py', is_dir=False, parent='math_package')
FileInfo(name='decorators', extension='py', is_dir=False, parent='math_package')
FileInfo(name='init', extension='py', is_dir=False, parent='math_package')
FileInfo(name='quadratic_equation', extension='py', is_dir=False, parent='math_package')
FileInfo(name='save_to_json_decorator', extension='py', is_dir=False, parent='seminar9')
FileInfo(name='task1', extension='py', is_dir=False, parent='seminar9')
FileInfo(name='task1v2', extension='py', is_dir=False, parent='seminar9')
FileInfo(name='task2', extension='py', is_dir=False, parent='seminar9')
FileInfo(name='task4', extension='py', is_dir=False, parent='seminar9')
FileInfo(name='task5', extension='py', is_dir=False, parent='seminar9')
FileInfo(name='task6', extension='py', is_dir=False, parent='seminar9')
FileInfo(name='users', extension='csv', is_dir=False, parent='Github5')
